WAVES 0.1
WAVES target_price: 19290.0
WAVES B5_RSI: 0
WAVES B4_RSI: 0
WAVES B3_RSI: 0
WAVES B2_RSI: 0
WAVES B1_RSI: 0
WAVES RSI: 39.290898171465926
--------
XTZ 0.3
XTZ target_price: 4623.0
XTZ B5_RSI: 0
XTZ B4_RSI: 0
XTZ B3_RSI: 0
XTZ B2_RSI: 0
XTZ B1_RSI: 0
XTZ RSI: 49.96612565803399
--------
autotrade start
WAVES curren: 18480.0 ma5: 17604.0 RSI: 39.29
buy_price WAVES 18619.94
XTZ curren: 4480.0 ma5: 4322.0 RSI: 49.97
buy_price XTZ 4445.42
------------------------------------------------------
WAVES curren: 18470.0 ma5: 17604.0 RSI: 39.29
buy_price WAVES 18619.94
XTZ curren: 4480.0 ma5: 4321.0 RSI: 49.97
buy_price XTZ 4445.42
------------------------------------------------------
WAVES curren: 18480.0 ma5: 17598.0 RSI: 39.29
buy_price WAVES 18619.94
XTZ curren: 4480.0 ma5: 4321.0 RSI: 49.97
buy_price XTZ 4445.42
------------------------------------------------------
WAVES curren: 18470.0 ma5: 17598.0 RSI: 39.29
buy_price WAVES 18619.94
XTZ curren: 4480.0 ma5: 4322.0 RSI: 49.97
buy_price XTZ 4445.42
------------------------------------------------------
WAVES curren: 18470.0 ma5: 17598.0 RSI: 39.29
buy_price WAVES 18619.94
XTZ curren: 4480.0 ma5: 4322.0 RSI: 49.97
buy_price XTZ 4445.42
------------------------------------------------------
WAVES curren: 18470.0 ma5: 17598.0 RSI: 39.29
buy_price WAVES 18619.94
XTZ curren: 4490.0 ma5: 4323.0 RSI: 49.97
buy_price XTZ 4445.42
------------------------------------------------------
WAVES curren: 18470.0 ma5: 17598.0 RSI: 39.29
buy_price WAVES 18619.94
XTZ curren: 4490.0 ma5: 4323.0 RSI: 49.97
buy_price XTZ 4445.42
------------------------------------------------------
WAVES curren: 18450.0 ma5: 17598.0 RSI: 39.29
buy_price WAVES 18619.94
XTZ curren: 4490.0 ma5: 4323.0 RSI: 49.97
buy_price XTZ 4445.42
------------------------------------------------------
WAVES curren: 18450.0 ma5: 17598.0 RSI: 39.29
buy_price WAVES 18619.94
XTZ curren: 4490.0 ma5: 4323.0 RSI: 49.97
buy_price XTZ 4445.42
------------------------------------------------------
WAVES curren: 18450.0 ma5: 17598.0 RSI: 39.29
buy_price WAVES 18619.94
XTZ curren: 4490.0 ma5: 4323.0 RSI: 49.97
buy_price XTZ 4445.42
------------------------------------------------------
WAVES curren: 18450.0 ma5: 17596.0 RSI: 39.29
buy_price WAVES 18619.94
XTZ curren: 4490.0 ma5: 4322.0 RSI: 49.97
buy_price XTZ 4445.42
------------------------------------------------------
WAVES curren: 18450.0 ma5: 17596.0 RSI: 39.29
buy_price WAVES 18619.94
XTZ curren: 4485.0 ma5: 4323.0 RSI: 49.97
buy_price XTZ 4445.42
------------------------------------------------------
WAVES curren: 18450.0 ma5: 17596.0 RSI: 39.29
buy_price WAVES 18619.94
XTZ curren: 4485.0 ma5: 4322.0 RSI: 49.97
buy_price XTZ 4445.42
------------------------------------------------------
